<?xml version="1.0" encoding="UTF-8"?>
<testsuites name="test suite1" time="14" tests="1" failures="0" errors="0">
   <testsuite name="test suite1" tests="1" failures="0" errors="0" time="14" timestamp="2018-05-09 22:41:25" hostname="42916 - DESKTOP-RG5AR5M" id="Test Suites/test suite1">
      <properties>
         <property name="deviceName" value=""/>
         <property name="devicePlatform" value=""/>
         <property name="logFolder" value="C:\\Users\\42916\\Desktop\\Advance Software Development\\project\\234project-backend\\katalon\\Reports\\test suite1\\20180509_224123"/>
         <property name="logFiles" value="C:\\Users\\42916\\Desktop\\Advance Software Development\\project\\234project-backend\\katalon\\Reports\\test suite1\\20180509_224123\\execution0.log"/>
         <property name="attachments" value=""/>
         <property name="hostName" value="42916 - DESKTOP-RG5AR5M"/>
         <property name="os" value="Windows 10 64bit"/>
         <property name="katalonVersion" value="5.3.1.1"/>
         <property name="browser" value="Chrome 66.0.3359.139"/>
         <property name="hostAddress" value="192.168.43.29"/>
         <property name="sessionId" value="5d5d357e81a9a97ce37195eebac22ecd"/>
         <property name="seleniumVersion" value="3.7.1"/>
         <property name="proxyInformation" value="ProxyInformation{proxyOption=NO_PROXY, proxyServerType=HTTP, password=, proxyServerAddress=, proxyServerPort=0}"/>
         <property name="platform" value="Windows 10"/>
      </properties>
      <testcase name="Test Cases/case1" classname="Test Cases/case1" status="PASSED">
         <system-out><![CDATA[2018-05-09 22:41:25 - [TEST_CASE][PASSED] - Test Cases/case1: Test Cases/case1

2018-05-09 22:41:25 - [TEST_STEP][PASSED] - openBrowser: Browser is opened with url: ''

2018-05-09 22:41:30 - [MESSAGE][PASSED] - Browser is opened with url: ''

2018-05-09 22:41:30 - [TEST_STEP][PASSED] - navigateToUrl: Navigate to 'http://34.215.218.253:9998/' successfully

2018-05-09 22:41:38 - [MESSAGE][PASSED] - Navigate to 'http://34.215.218.253:9998/' successfully

2018-05-09 22:41:38 - [TEST_STEP][PASSED] - verifyElementText: Actual text and expected text of test object 'Object Repository/case1_Page_ProjectBackend/h2_Login' are matched.

2018-05-09 22:41:39 - [MESSAGE][PASSED] - Actual text and expected text of test object 'Object Repository/case1_Page_ProjectBackend/h2_Login' are matched.

2018-05-09 22:41:39 - [TEST_STEP][PASSED] - verifyElementText: Actual text and expected text of test object 'Object Repository/case1_Page_ProjectBackend/label_Username' are matched.

2018-05-09 22:41:39 - [MESSAGE][PASSED] - Actual text and expected text of test object 'Object Repository/case1_Page_ProjectBackend/label_Username' are matched.

2018-05-09 22:41:39 - [TEST_STEP][PASSED] - verifyElementText: Actual text and expected text of test object 'Object Repository/case1_Page_ProjectBackend/label_Password' are matched.

2018-05-09 22:41:39 - [MESSAGE][PASSED] - Actual text and expected text of test object 'Object Repository/case1_Page_ProjectBackend/label_Password' are matched.

2018-05-09 22:41:39 - [TEST_STEP][PASSED] - closeBrowser: Browser is closed

2018-05-09 22:41:40 - [MESSAGE][PASSED] - Browser is closed]]></system-out>
         <system-err><![CDATA[]]></system-err>
      </testcase>
      <system-out><![CDATA[2018-05-09 22:41:25 - [TEST_SUITE][PASSED] - test suite1: Test Cases/case1]]></system-out>
      <system-err><![CDATA[]]></system-err>
   </testsuite>
</testsuites>
