<?xml version="1.0" encoding="UTF-8"?>
<testsuites name="test suite7" time="43" tests="3" failures="0" errors="0">
   <testsuite name="test suite7" tests="3" failures="0" errors="0" time="43" timestamp="2018-05-10 16:01:35" hostname="42916 - 10.80.141.146" id="Test Suites/test suite7">
      <properties>
         <property name="deviceName" value=""/>
         <property name="devicePlatform" value=""/>
         <property name="logFolder" value="C:\\Users\\42916\\Desktop\\Advance Software Development\\project\\234project-backend\\katalon\\Reports\\test suite7\\20180510_160133"/>
         <property name="logFiles" value="C:\\Users\\42916\\Desktop\\Advance Software Development\\project\\234project-backend\\katalon\\Reports\\test suite7\\20180510_160133\\execution0.log"/>
         <property name="attachments" value=""/>
         <property name="hostName" value="42916 - 10.80.141.146"/>
         <property name="os" value="Windows 10 64bit"/>
         <property name="katalonVersion" value="5.3.1.1"/>
         <property name="browser" value="Chrome 66.0.3359.139"/>
         <property name="hostAddress" value="10.80.141.146"/>
         <property name="sessionId" value="02f40f23922fcb1585ca074de2614fff"/>
         <property name="seleniumVersion" value="3.7.1"/>
         <property name="proxyInformation" value="ProxyInformation{proxyOption=NO_PROXY, proxyServerType=HTTP, password=, proxyServerAddress=, proxyServerPort=0}"/>
         <property name="platform" value="Windows 10"/>
      </properties>
      <testcase name="Test Cases/case7" classname="Test Cases/case7" status="PASSED">
         <system-out><![CDATA[2018-05-10 16:01:35 - [TEST_CASE][PASSED] - Test Cases/case7: Test Cases/case7

2018-05-10 16:01:35 - [TEST_STEP][PASSED] - openBrowser: Browser is opened with url: ''

2018-05-10 16:01:38 - [MESSAGE][PASSED] - Browser is opened with url: ''

2018-05-10 16:01:38 - [TEST_STEP][PASSED] - navigateToUrl: Navigate to 'http://34.215.218.253:9998/' successfully

2018-05-10 16:01:47 - [MESSAGE][PASSED] - Navigate to 'http://34.215.218.253:9998/' successfully

2018-05-10 16:01:47 - [TEST_STEP][PASSED] - setText: Text 'admin' is set on object 'Object Repository/case7_Page_ProjectBackend/input_username'

2018-05-10 16:01:48 - [MESSAGE][PASSED] - Text 'admin' is set on object 'Object Repository/case7_Page_ProjectBackend/input_username'

2018-05-10 16:01:48 - [TEST_STEP][PASSED] - setText: Text 'admin' is set on object 'Object Repository/case7_Page_ProjectBackend/input_password'

2018-05-10 16:01:48 - [MESSAGE][PASSED] - Text 'admin' is set on object 'Object Repository/case7_Page_ProjectBackend/input_password'

2018-05-10 16:01:48 - [TEST_STEP][PASSED] - click: Object: 'Object Repository/case7_Page_ProjectBackend/button_Login' is clicked on

2018-05-10 16:01:48 - [MESSAGE][PASSED] - Object: 'Object Repository/case7_Page_ProjectBackend/button_Login' is clicked on

2018-05-10 16:01:48 - [TEST_STEP][PASSED] - verifyElementText: Actual text and expected text of test object 'Object Repository/case7_Page_ProjectBackend/h5_Garden' are matched.

2018-05-10 16:01:49 - [MESSAGE][PASSED] - Actual text and expected text of test object 'Object Repository/case7_Page_ProjectBackend/h5_Garden' are matched.

2018-05-10 16:01:49 - [TEST_STEP][PASSED] - verifyElementText: Actual text and expected text of test object 'Object Repository/case7_Page_ProjectBackend/h5_Banana' are matched.

2018-05-10 16:01:49 - [MESSAGE][PASSED] - Actual text and expected text of test object 'Object Repository/case7_Page_ProjectBackend/h5_Banana' are matched.

2018-05-10 16:01:49 - [TEST_STEP][PASSED] - verifyElementText: Actual text and expected text of test object 'Object Repository/case7_Page_ProjectBackend/h5_Orange' are matched.

2018-05-10 16:01:49 - [MESSAGE][PASSED] - Actual text and expected text of test object 'Object Repository/case7_Page_ProjectBackend/h5_Orange' are matched.

2018-05-10 16:01:49 - [TEST_STEP][PASSED] - verifyElementText: Actual text and expected text of test object 'Object Repository/case7_Page_ProjectBackend/h5_Papaya' are matched.

2018-05-10 16:01:49 - [MESSAGE][PASSED] - Actual text and expected text of test object 'Object Repository/case7_Page_ProjectBackend/h5_Papaya' are matched.

2018-05-10 16:01:49 - [TEST_STEP][PASSED] - verifyElementText: Actual text and expected text of test object 'Object Repository/case7_Page_ProjectBackend/h5_Rambutan' are matched.

2018-05-10 16:01:49 - [MESSAGE][PASSED] - Actual text and expected text of test object 'Object Repository/case7_Page_ProjectBackend/h5_Rambutan' are matched.

2018-05-10 16:01:49 - [TEST_STEP][PASSED] - closeBrowser: Browser is closed

2018-05-10 16:01:50 - [MESSAGE][PASSED] - Browser is closed]]></system-out>
         <system-err><![CDATA[]]></system-err>
      </testcase>
      <testcase name="Test Cases/case7" classname="Test Cases/case7" status="PASSED">
         <system-out><![CDATA[2018-05-10 16:01:50 - [TEST_CASE][PASSED] - Test Cases/case7: Test Cases/case7

2018-05-10 16:01:50 - [TEST_STEP][PASSED] - openBrowser: Browser is opened with url: ''

2018-05-10 16:01:52 - [MESSAGE][PASSED] - Browser is opened with url: ''

2018-05-10 16:01:52 - [TEST_STEP][PASSED] - navigateToUrl: Navigate to 'http://34.215.218.253:9998/' successfully

2018-05-10 16:02:02 - [MESSAGE][PASSED] - Navigate to 'http://34.215.218.253:9998/' successfully

2018-05-10 16:02:02 - [TEST_STEP][PASSED] - setText: Text 'user' is set on object 'Object Repository/case7_Page_ProjectBackend/input_username'

2018-05-10 16:02:02 - [MESSAGE][PASSED] - Text 'user' is set on object 'Object Repository/case7_Page_ProjectBackend/input_username'

2018-05-10 16:02:02 - [TEST_STEP][PASSED] - setText: Text 'user' is set on object 'Object Repository/case7_Page_ProjectBackend/input_password'

2018-05-10 16:02:02 - [MESSAGE][PASSED] - Text 'user' is set on object 'Object Repository/case7_Page_ProjectBackend/input_password'

2018-05-10 16:02:02 - [TEST_STEP][PASSED] - click: Object: 'Object Repository/case7_Page_ProjectBackend/button_Login' is clicked on

2018-05-10 16:02:02 - [MESSAGE][PASSED] - Object: 'Object Repository/case7_Page_ProjectBackend/button_Login' is clicked on

2018-05-10 16:02:02 - [TEST_STEP][PASSED] - verifyElementText: Actual text and expected text of test object 'Object Repository/case7_Page_ProjectBackend/h5_Garden' are matched.

2018-05-10 16:02:03 - [MESSAGE][PASSED] - Actual text and expected text of test object 'Object Repository/case7_Page_ProjectBackend/h5_Garden' are matched.

2018-05-10 16:02:03 - [TEST_STEP][PASSED] - verifyElementText: Actual text and expected text of test object 'Object Repository/case7_Page_ProjectBackend/h5_Banana' are matched.

2018-05-10 16:02:03 - [MESSAGE][PASSED] - Actual text and expected text of test object 'Object Repository/case7_Page_ProjectBackend/h5_Banana' are matched.

2018-05-10 16:02:03 - [TEST_STEP][PASSED] - verifyElementText: Actual text and expected text of test object 'Object Repository/case7_Page_ProjectBackend/h5_Orange' are matched.

2018-05-10 16:02:03 - [MESSAGE][PASSED] - Actual text and expected text of test object 'Object Repository/case7_Page_ProjectBackend/h5_Orange' are matched.

2018-05-10 16:02:03 - [TEST_STEP][PASSED] - verifyElementText: Actual text and expected text of test object 'Object Repository/case7_Page_ProjectBackend/h5_Papaya' are matched.

2018-05-10 16:02:04 - [MESSAGE][PASSED] - Actual text and expected text of test object 'Object Repository/case7_Page_ProjectBackend/h5_Papaya' are matched.

2018-05-10 16:02:04 - [TEST_STEP][PASSED] - verifyElementText: Actual text and expected text of test object 'Object Repository/case7_Page_ProjectBackend/h5_Rambutan' are matched.

2018-05-10 16:02:04 - [MESSAGE][PASSED] - Actual text and expected text of test object 'Object Repository/case7_Page_ProjectBackend/h5_Rambutan' are matched.

2018-05-10 16:02:04 - [TEST_STEP][PASSED] - closeBrowser: Browser is closed

2018-05-10 16:02:04 - [MESSAGE][PASSED] - Browser is closed]]></system-out>
         <system-err><![CDATA[]]></system-err>
      </testcase>
      <testcase name="Test Cases/case7" classname="Test Cases/case7" status="PASSED">
         <system-out><![CDATA[2018-05-10 16:02:04 - [TEST_CASE][PASSED] - Test Cases/case7: Test Cases/case7

2018-05-10 16:02:04 - [TEST_STEP][PASSED] - openBrowser: Browser is opened with url: ''

2018-05-10 16:02:06 - [MESSAGE][PASSED] - Browser is opened with url: ''

2018-05-10 16:02:06 - [TEST_STEP][PASSED] - navigateToUrl: Navigate to 'http://34.215.218.253:9998/' successfully

2018-05-10 16:02:15 - [MESSAGE][PASSED] - Navigate to 'http://34.215.218.253:9998/' successfully

2018-05-10 16:02:15 - [TEST_STEP][PASSED] - setText: Text 'hello' is set on object 'Object Repository/case7_Page_ProjectBackend/input_username'

2018-05-10 16:02:16 - [MESSAGE][PASSED] - Text 'hello' is set on object 'Object Repository/case7_Page_ProjectBackend/input_username'

2018-05-10 16:02:16 - [TEST_STEP][PASSED] - setText: Text 'hello' is set on object 'Object Repository/case7_Page_ProjectBackend/input_password'

2018-05-10 16:02:16 - [MESSAGE][PASSED] - Text 'hello' is set on object 'Object Repository/case7_Page_ProjectBackend/input_password'

2018-05-10 16:02:16 - [TEST_STEP][PASSED] - click: Object: 'Object Repository/case7_Page_ProjectBackend/button_Login' is clicked on

2018-05-10 16:02:16 - [MESSAGE][PASSED] - Object: 'Object Repository/case7_Page_ProjectBackend/button_Login' is clicked on

2018-05-10 16:02:16 - [TEST_STEP][PASSED] - verifyElementText: Actual text and expected text of test object 'Object Repository/case7_Page_ProjectBackend/h5_Garden' are matched.

2018-05-10 16:02:17 - [MESSAGE][PASSED] - Actual text and expected text of test object 'Object Repository/case7_Page_ProjectBackend/h5_Garden' are matched.

2018-05-10 16:02:17 - [TEST_STEP][PASSED] - verifyElementText: Actual text and expected text of test object 'Object Repository/case7_Page_ProjectBackend/h5_Banana' are matched.

2018-05-10 16:02:17 - [MESSAGE][PASSED] - Actual text and expected text of test object 'Object Repository/case7_Page_ProjectBackend/h5_Banana' are matched.

2018-05-10 16:02:17 - [TEST_STEP][PASSED] - verifyElementText: Actual text and expected text of test object 'Object Repository/case7_Page_ProjectBackend/h5_Orange' are matched.

2018-05-10 16:02:17 - [MESSAGE][PASSED] - Actual text and expected text of test object 'Object Repository/case7_Page_ProjectBackend/h5_Orange' are matched.

2018-05-10 16:02:17 - [TEST_STEP][PASSED] - verifyElementText: Actual text and expected text of test object 'Object Repository/case7_Page_ProjectBackend/h5_Papaya' are matched.

2018-05-10 16:02:17 - [MESSAGE][PASSED] - Actual text and expected text of test object 'Object Repository/case7_Page_ProjectBackend/h5_Papaya' are matched.

2018-05-10 16:02:17 - [TEST_STEP][PASSED] - verifyElementText: Actual text and expected text of test object 'Object Repository/case7_Page_ProjectBackend/h5_Rambutan' are matched.

2018-05-10 16:02:17 - [MESSAGE][PASSED] - Actual text and expected text of test object 'Object Repository/case7_Page_ProjectBackend/h5_Rambutan' are matched.

2018-05-10 16:02:17 - [TEST_STEP][PASSED] - closeBrowser: Browser is closed

2018-05-10 16:02:18 - [MESSAGE][PASSED] - Browser is closed]]></system-out>
         <system-err><![CDATA[]]></system-err>
      </testcase>
      <system-out><![CDATA[2018-05-10 16:01:35 - [TEST_SUITE][PASSED] - test suite7: Test Cases/case7]]></system-out>
      <system-err><![CDATA[]]></system-err>
   </testsuite>
</testsuites>
