<?xml version="1.0" encoding="UTF-8"?>
<testsuites name="test suite2" time="34" tests="2" failures="0" errors="0">
   <testsuite name="test suite2" tests="2" failures="0" errors="0" time="34" timestamp="2018-05-09 18:29:30" hostname="42916 - 10.80.141.151" id="Test Suites/test suite2">
      <properties>
         <property name="deviceName" value=""/>
         <property name="devicePlatform" value=""/>
         <property name="logFolder" value="C:\\Users\\42916\\Desktop\\Advance Software Development\\project\\234project-backend\\katalon\\Reports\\test suite2\\20180509_182929"/>
         <property name="logFiles" value="C:\\Users\\42916\\Desktop\\Advance Software Development\\project\\234project-backend\\katalon\\Reports\\test suite2\\20180509_182929\\execution0.log"/>
         <property name="attachments" value=""/>
         <property name="hostName" value="42916 - 10.80.141.151"/>
         <property name="os" value="Windows 10 64bit"/>
         <property name="katalonVersion" value="5.3.1.1"/>
         <property name="browser" value="Chrome 66.0.3359.139"/>
         <property name="hostAddress" value="10.80.141.151"/>
         <property name="sessionId" value="3256ebac4def25c159c2632884e15be8"/>
         <property name="seleniumVersion" value="3.7.1"/>
         <property name="proxyInformation" value="ProxyInformation{proxyOption=NO_PROXY, proxyServerType=HTTP, password=, proxyServerAddress=, proxyServerPort=0}"/>
         <property name="platform" value="Windows 10"/>
      </properties>
      <testcase name="Test Cases/case2" classname="Test Cases/case2" status="PASSED">
         <system-out><![CDATA[2018-05-09 18:29:31 - [TEST_CASE][PASSED] - Test Cases/case2: Test Cases/case2

2018-05-09 18:29:31 - [TEST_STEP][PASSED] - openBrowser: Browser is opened with url: ''

2018-05-09 18:29:34 - [MESSAGE][PASSED] - Browser is opened with url: ''

2018-05-09 18:29:34 - [TEST_STEP][PASSED] - navigateToUrl: Navigate to 'http://34.215.218.253:9998/' successfully

2018-05-09 18:29:43 - [MESSAGE][PASSED] - Navigate to 'http://34.215.218.253:9998/' successfully

2018-05-09 18:29:43 - [TEST_STEP][PASSED] - setText: Text 'user' is set on object 'Object Repository/case2_Page_ProjectBackend/input_username'

2018-05-09 18:29:43 - [MESSAGE][PASSED] - Text 'user' is set on object 'Object Repository/case2_Page_ProjectBackend/input_username'

2018-05-09 18:29:43 - [TEST_STEP][PASSED] - setText: Text 'user' is set on object 'Object Repository/case2_Page_ProjectBackend/input_password'

2018-05-09 18:29:43 - [MESSAGE][PASSED] - Text 'user' is set on object 'Object Repository/case2_Page_ProjectBackend/input_password'

2018-05-09 18:29:43 - [TEST_STEP][PASSED] - click: Object: 'Object Repository/case2_Page_ProjectBackend/button_Login' is clicked on

2018-05-09 18:29:43 - [MESSAGE][PASSED] - Object: 'Object Repository/case2_Page_ProjectBackend/button_Login' is clicked on

2018-05-09 18:29:43 - [TEST_STEP][PASSED] - verifyElementClickable: Object 'Object Repository/case2_Page_ProjectBackend/a_Products' is clickable

2018-05-09 18:29:44 - [MESSAGE][PASSED] - Object 'Object Repository/case2_Page_ProjectBackend/a_Products' is clickable

2018-05-09 18:29:44 - [TEST_STEP][PASSED] - verifyElementClickable: Object 'Object Repository/case2_Page_ProjectBackend/a_Carts' is clickable

2018-05-09 18:29:44 - [MESSAGE][PASSED] - Object 'Object Repository/case2_Page_ProjectBackend/a_Carts' is clickable

2018-05-09 18:29:44 - [TEST_STEP][PASSED] - closeBrowser: Browser is closed

2018-05-09 18:29:45 - [MESSAGE][PASSED] - Browser is closed]]></system-out>
         <system-err><![CDATA[]]></system-err>
      </testcase>
      <testcase name="Test Cases/case2" classname="Test Cases/case2" status="PASSED">
         <system-out><![CDATA[2018-05-09 18:29:45 - [TEST_CASE][PASSED] - Test Cases/case2: Test Cases/case2

2018-05-09 18:29:45 - [TEST_STEP][PASSED] - openBrowser: Browser is opened with url: ''

2018-05-09 18:29:47 - [MESSAGE][PASSED] - Browser is opened with url: ''

2018-05-09 18:29:47 - [TEST_STEP][PASSED] - navigateToUrl: Navigate to 'http://34.215.218.253:9998/' successfully

2018-05-09 18:30:03 - [MESSAGE][PASSED] - Navigate to 'http://34.215.218.253:9998/' successfully

2018-05-09 18:30:03 - [TEST_STEP][PASSED] - setText: Text 'hello' is set on object 'Object Repository/case2_Page_ProjectBackend/input_username'

2018-05-09 18:30:03 - [MESSAGE][PASSED] - Text 'hello' is set on object 'Object Repository/case2_Page_ProjectBackend/input_username'

2018-05-09 18:30:03 - [TEST_STEP][PASSED] - setText: Text 'hello' is set on object 'Object Repository/case2_Page_ProjectBackend/input_password'

2018-05-09 18:30:03 - [MESSAGE][PASSED] - Text 'hello' is set on object 'Object Repository/case2_Page_ProjectBackend/input_password'

2018-05-09 18:30:03 - [TEST_STEP][PASSED] - click: Object: 'Object Repository/case2_Page_ProjectBackend/button_Login' is clicked on

2018-05-09 18:30:03 - [MESSAGE][PASSED] - Object: 'Object Repository/case2_Page_ProjectBackend/button_Login' is clicked on

2018-05-09 18:30:03 - [TEST_STEP][PASSED] - verifyElementClickable: Object 'Object Repository/case2_Page_ProjectBackend/a_Products' is clickable

2018-05-09 18:30:04 - [MESSAGE][PASSED] - Object 'Object Repository/case2_Page_ProjectBackend/a_Products' is clickable

2018-05-09 18:30:04 - [TEST_STEP][PASSED] - verifyElementClickable: Object 'Object Repository/case2_Page_ProjectBackend/a_Carts' is clickable

2018-05-09 18:30:04 - [MESSAGE][PASSED] - Object 'Object Repository/case2_Page_ProjectBackend/a_Carts' is clickable

2018-05-09 18:30:04 - [TEST_STEP][PASSED] - closeBrowser: Browser is closed

2018-05-09 18:30:05 - [MESSAGE][PASSED] - Browser is closed]]></system-out>
         <system-err><![CDATA[]]></system-err>
      </testcase>
      <system-out><![CDATA[2018-05-09 18:29:30 - [TEST_SUITE][PASSED] - test suite2: Test Cases/case2]]></system-out>
      <system-err><![CDATA[]]></system-err>
   </testsuite>
</testsuites>
