<?xml version="1.0" encoding="UTF-8"?>
<testsuites name="test suite9" time="29" tests="2" failures="0" errors="0">
   <testsuite name="test suite9" tests="2" failures="0" errors="0" time="29" timestamp="2018-05-09 23:35:23" hostname="42916 - DESKTOP-RG5AR5M" id="Test Suites/test suite9">
      <properties>
         <property name="deviceName" value=""/>
         <property name="devicePlatform" value=""/>
         <property name="logFolder" value="C:\\Users\\42916\\Desktop\\Advance Software Development\\project\\234project-backend\\katalon\\Reports\\test suite9\\20180509_233521"/>
         <property name="logFiles" value="C:\\Users\\42916\\Desktop\\Advance Software Development\\project\\234project-backend\\katalon\\Reports\\test suite9\\20180509_233521\\execution0.log"/>
         <property name="attachments" value=""/>
         <property name="hostName" value="42916 - DESKTOP-RG5AR5M"/>
         <property name="os" value="Windows 10 64bit"/>
         <property name="katalonVersion" value="5.3.1.1"/>
         <property name="browser" value="Chrome 66.0.3359.139"/>
         <property name="hostAddress" value="192.168.43.29"/>
         <property name="sessionId" value="ba6f2a409ffd8e0e593633c58baef1d7"/>
         <property name="seleniumVersion" value="3.7.1"/>
         <property name="proxyInformation" value="ProxyInformation{proxyOption=NO_PROXY, proxyServerType=HTTP, password=, proxyServerAddress=, proxyServerPort=0}"/>
         <property name="platform" value="Windows 10"/>
      </properties>
      <testcase name="Test Cases/case9" classname="Test Cases/case9" status="PASSED">
         <system-out><![CDATA[2018-05-09 23:35:23 - [TEST_CASE][PASSED] - Test Cases/case9: Test Cases/case9

2018-05-09 23:35:23 - [TEST_STEP][PASSED] - openBrowser: Browser is opened with url: ''

2018-05-09 23:35:26 - [MESSAGE][PASSED] - Browser is opened with url: ''

2018-05-09 23:35:26 - [TEST_STEP][PASSED] - navigateToUrl: Navigate to 'http://34.215.218.253:9998/' successfully

2018-05-09 23:35:34 - [MESSAGE][PASSED] - Navigate to 'http://34.215.218.253:9998/' successfully

2018-05-09 23:35:34 - [TEST_STEP][PASSED] - setText: Text 'user' is set on object 'Object Repository/case9_Page_ProjectBackend/input_username'

2018-05-09 23:35:34 - [MESSAGE][PASSED] - Text 'user' is set on object 'Object Repository/case9_Page_ProjectBackend/input_username'

2018-05-09 23:35:34 - [TEST_STEP][PASSED] - setText: Text 'user' is set on object 'Object Repository/case9_Page_ProjectBackend/input_password'

2018-05-09 23:35:34 - [MESSAGE][PASSED] - Text 'user' is set on object 'Object Repository/case9_Page_ProjectBackend/input_password'

2018-05-09 23:35:34 - [TEST_STEP][PASSED] - click: Object: 'Object Repository/case9_Page_ProjectBackend/button_Login' is clicked on

2018-05-09 23:35:35 - [MESSAGE][PASSED] - Object: 'Object Repository/case9_Page_ProjectBackend/button_Login' is clicked on

2018-05-09 23:35:35 - [TEST_STEP][PASSED] - click: Object: 'Object Repository/case9_Page_ProjectBackend/button_add to cart' is clicked on

2018-05-09 23:35:36 - [MESSAGE][PASSED] - Object: 'Object Repository/case9_Page_ProjectBackend/button_add to cart' is clicked on

2018-05-09 23:35:36 - [TEST_STEP][PASSED] - click: Object: 'Object Repository/case9_Page_ProjectBackend/a_Carts            1' is clicked on

2018-05-09 23:35:36 - [MESSAGE][PASSED] - Object: 'Object Repository/case9_Page_ProjectBackend/a_Carts            1' is clicked on

2018-05-09 23:35:36 - [TEST_STEP][PASSED] - verifyElementText: Actual text and expected text of test object 'Object Repository/case9_Page_ProjectBackend/p_Total price  20000 THB' are matched.

2018-05-09 23:35:36 - [MESSAGE][PASSED] - Actual text and expected text of test object 'Object Repository/case9_Page_ProjectBackend/p_Total price  20000 THB' are matched.

2018-05-09 23:35:36 - [TEST_STEP][PASSED] - click: Object: 'Object Repository/case9_Page_ProjectBackend/div_col-4 center-block' is clicked on

2018-05-09 23:35:37 - [MESSAGE][PASSED] - Object: 'Object Repository/case9_Page_ProjectBackend/div_col-4 center-block' is clicked on

2018-05-09 23:35:37 - [TEST_STEP][PASSED] - setText: Text '2' is set on object 'Object Repository/case9_Page_ProjectBackend/input_amount'

2018-05-09 23:35:37 - [MESSAGE][PASSED] - Text '2' is set on object 'Object Repository/case9_Page_ProjectBackend/input_amount'

2018-05-09 23:35:37 - [TEST_STEP][PASSED] - verifyElementText: Actual text and expected text of test object 'Object Repository/case9_Page_ProjectBackend/p_Total price  40000 THB' are matched.

2018-05-09 23:35:37 - [MESSAGE][PASSED] - Actual text and expected text of test object 'Object Repository/case9_Page_ProjectBackend/p_Total price  40000 THB' are matched.

2018-05-09 23:35:37 - [TEST_STEP][PASSED] - closeBrowser: Browser is closed

2018-05-09 23:35:37 - [MESSAGE][PASSED] - Browser is closed]]></system-out>
         <system-err><![CDATA[]]></system-err>
      </testcase>
      <testcase name="Test Cases/case9" classname="Test Cases/case9" status="PASSED">
         <system-out><![CDATA[2018-05-09 23:35:37 - [TEST_CASE][PASSED] - Test Cases/case9: Test Cases/case9

2018-05-09 23:35:37 - [TEST_STEP][PASSED] - openBrowser: Browser is opened with url: ''

2018-05-09 23:35:39 - [MESSAGE][PASSED] - Browser is opened with url: ''

2018-05-09 23:35:39 - [TEST_STEP][PASSED] - navigateToUrl: Navigate to 'http://34.215.218.253:9998/' successfully

2018-05-09 23:35:49 - [MESSAGE][PASSED] - Navigate to 'http://34.215.218.253:9998/' successfully

2018-05-09 23:35:49 - [TEST_STEP][PASSED] - setText: Text 'hello' is set on object 'Object Repository/case9_Page_ProjectBackend/input_username'

2018-05-09 23:35:49 - [MESSAGE][PASSED] - Text 'hello' is set on object 'Object Repository/case9_Page_ProjectBackend/input_username'

2018-05-09 23:35:49 - [TEST_STEP][PASSED] - setText: Text 'hello' is set on object 'Object Repository/case9_Page_ProjectBackend/input_password'

2018-05-09 23:35:49 - [MESSAGE][PASSED] - Text 'hello' is set on object 'Object Repository/case9_Page_ProjectBackend/input_password'

2018-05-09 23:35:49 - [TEST_STEP][PASSED] - click: Object: 'Object Repository/case9_Page_ProjectBackend/button_Login' is clicked on

2018-05-09 23:35:49 - [MESSAGE][PASSED] - Object: 'Object Repository/case9_Page_ProjectBackend/button_Login' is clicked on

2018-05-09 23:35:49 - [TEST_STEP][PASSED] - click: Object: 'Object Repository/case9_Page_ProjectBackend/button_add to cart' is clicked on

2018-05-09 23:35:51 - [MESSAGE][PASSED] - Object: 'Object Repository/case9_Page_ProjectBackend/button_add to cart' is clicked on

2018-05-09 23:35:51 - [TEST_STEP][PASSED] - click: Object: 'Object Repository/case9_Page_ProjectBackend/a_Carts            1' is clicked on

2018-05-09 23:35:51 - [MESSAGE][PASSED] - Object: 'Object Repository/case9_Page_ProjectBackend/a_Carts            1' is clicked on

2018-05-09 23:35:51 - [TEST_STEP][PASSED] - verifyElementText: Actual text and expected text of test object 'Object Repository/case9_Page_ProjectBackend/p_Total price  20000 THB' are matched.

2018-05-09 23:35:51 - [MESSAGE][PASSED] - Actual text and expected text of test object 'Object Repository/case9_Page_ProjectBackend/p_Total price  20000 THB' are matched.

2018-05-09 23:35:51 - [TEST_STEP][PASSED] - click: Object: 'Object Repository/case9_Page_ProjectBackend/div_col-4 center-block' is clicked on

2018-05-09 23:35:51 - [MESSAGE][PASSED] - Object: 'Object Repository/case9_Page_ProjectBackend/div_col-4 center-block' is clicked on

2018-05-09 23:35:51 - [TEST_STEP][PASSED] - setText: Text '2' is set on object 'Object Repository/case9_Page_ProjectBackend/input_amount'

2018-05-09 23:35:51 - [MESSAGE][PASSED] - Text '2' is set on object 'Object Repository/case9_Page_ProjectBackend/input_amount'

2018-05-09 23:35:51 - [TEST_STEP][PASSED] - verifyElementText: Actual text and expected text of test object 'Object Repository/case9_Page_ProjectBackend/p_Total price  40000 THB' are matched.

2018-05-09 23:35:51 - [MESSAGE][PASSED] - Actual text and expected text of test object 'Object Repository/case9_Page_ProjectBackend/p_Total price  40000 THB' are matched.

2018-05-09 23:35:51 - [TEST_STEP][PASSED] - closeBrowser: Browser is closed

2018-05-09 23:35:52 - [MESSAGE][PASSED] - Browser is closed]]></system-out>
         <system-err><![CDATA[]]></system-err>
      </testcase>
      <system-out><![CDATA[2018-05-09 23:35:23 - [TEST_SUITE][PASSED] - test suite9: Test Cases/case9]]></system-out>
      <system-err><![CDATA[]]></system-err>
   </testsuite>
</testsuites>
