<?xml version="1.0" encoding="UTF-8"?>
<testsuites name="test suite12" time="12" tests="0" failures="1" errors="0">
   <testsuite name="test suite12" tests="0" failures="1" errors="0" time="12" timestamp="2018-05-10 00:30:33" hostname="42916 - DESKTOP-RG5AR5M" id="Test Suites/test suite12">
      <properties>
         <property name="deviceName" value=""/>
         <property name="devicePlatform" value=""/>
         <property name="logFolder" value="C:\\Users\\42916\\Desktop\\Advance Software Development\\project\\234project-backend\\katalon\\Reports\\test suite12\\20180510_003031"/>
         <property name="logFiles" value="C:\\Users\\42916\\Desktop\\Advance Software Development\\project\\234project-backend\\katalon\\Reports\\test suite12\\20180510_003031\\execution0.log"/>
         <property name="attachments" value="C:\\Users\\42916\\Desktop\\Advance Software Development\\project\\234project-backend\\katalon\\Reports\\test suite12\\20180510_003031\\1525887044729.png"/>
         <property name="hostName" value="42916 - DESKTOP-RG5AR5M"/>
         <property name="os" value="Windows 10 64bit"/>
         <property name="katalonVersion" value="5.3.1.1"/>
         <property name="browser" value="Chrome 66.0.3359.139"/>
         <property name="hostAddress" value="192.168.43.29"/>
         <property name="sessionId" value="59a81afd7543328f95be5b494bd7d6d5"/>
         <property name="seleniumVersion" value="3.7.1"/>
         <property name="proxyInformation" value="ProxyInformation{proxyOption=NO_PROXY, proxyServerType=HTTP, password=, proxyServerAddress=, proxyServerPort=0}"/>
         <property name="platform" value="Windows 10"/>
      </properties>
      <testcase name="Test Cases/case12" classname="Test Cases/case12" status="FAILED">
         <failure type="FAILED" message="Unable to verify object is visible (Root cause: java.lang.IllegalArgumentException: Object is null)"/>
         <system-out><![CDATA[2018-05-10 00:30:33 - [TEST_CASE][FAILED] - Test Cases/case12: Test Cases/case12 FAILED because (of) Unable to verify object is visible (Root cause: java.lang.IllegalArgumentException: Object is null)

2018-05-10 00:30:34 - [TEST_STEP][PASSED] - openBrowser: Browser is opened with url: ''

2018-05-10 00:30:36 - [MESSAGE][PASSED] - Browser is opened with url: ''

2018-05-10 00:30:36 - [TEST_STEP][PASSED] - navigateToUrl: Navigate to 'http://34.215.218.253:9998/' successfully

2018-05-10 00:30:44 - [MESSAGE][PASSED] - Navigate to 'http://34.215.218.253:9998/' successfully

2018-05-10 00:30:44 - [TEST_STEP][PASSED] - setText: Text 'admin' is set on object 'Object Repository/case12_Page_ProjectBackend/input_username'

2018-05-10 00:30:44 - [MESSAGE][PASSED] - Text 'admin' is set on object 'Object Repository/case12_Page_ProjectBackend/input_username'

2018-05-10 00:30:44 - [TEST_STEP][PASSED] - setText: Text 'admin' is set on object 'Object Repository/case12_Page_ProjectBackend/input_password'

2018-05-10 00:30:44 - [MESSAGE][PASSED] - Text 'admin' is set on object 'Object Repository/case12_Page_ProjectBackend/input_password'

2018-05-10 00:30:44 - [TEST_STEP][PASSED] - click: Object: 'Object Repository/case12_Page_ProjectBackend/button_Login' is clicked on

2018-05-10 00:30:44 - [MESSAGE][PASSED] - Object: 'Object Repository/case12_Page_ProjectBackend/button_Login' is clicked on

2018-05-10 00:30:44 - [TEST_STEP][FAILED] - verifyElementVisible: Unable to verify object is visible (Root cause: java.lang.IllegalArgumentException: Object is null)

2018-05-10 00:30:44 - [MESSAGE][WARNING] - Test object id is null

2018-05-10 00:30:44 - [MESSAGE][WARNING] - Test object with id 'Object Repository/' does not exist

2018-05-10 00:30:45 - [MESSAGE][FAILED] - Unable to verify object is visible (Root cause: java.lang.IllegalArgumentException: Object is null)
[[ATTACHMENT|C:\\Users\\42916\\Desktop\\Advance Software Development\\project\\234project-backend\\katalon\\Reports\\test suite12\\20180510_003031\\1525887044729.png]]]]></system-out>
         <system-err><![CDATA[2018-05-10 00:30:33 - [TEST_CASE][FAILED] - Test Cases/case12: Test Cases/case12 FAILED because (of) Unable to verify object is visible (Root cause: java.lang.IllegalArgumentException: Object is null)]]></system-err>
      </testcase>
      <system-out><![CDATA[2018-05-10 00:30:33 - [TEST_SUITE][FAILED] - test suite12: Test Cases/case12 FAILED because (of) Unable to verify object is visible (Root cause: java.lang.IllegalArgumentException: Object is null)]]></system-out>
      <system-err><![CDATA[2018-05-10 00:30:33 - [TEST_SUITE][FAILED] - test suite12: Test Cases/case12 FAILED because (of) Unable to verify object is visible (Root cause: java.lang.IllegalArgumentException: Object is null)]]></system-err>
   </testsuite>
</testsuites>
