<?xml version="1.0" encoding="UTF-8"?>
<testsuites name="test suite10" time="30" tests="2" failures="0" errors="0">
   <testsuite name="test suite10" tests="2" failures="0" errors="0" time="30" timestamp="2018-05-09 23:49:05" hostname="42916 - DESKTOP-RG5AR5M" id="Test Suites/test suite10">
      <properties>
         <property name="deviceName" value=""/>
         <property name="devicePlatform" value=""/>
         <property name="logFolder" value="C:\\Users\\42916\\Desktop\\Advance Software Development\\project\\234project-backend\\katalon\\Reports\\test suite10\\20180509_234904"/>
         <property name="logFiles" value="C:\\Users\\42916\\Desktop\\Advance Software Development\\project\\234project-backend\\katalon\\Reports\\test suite10\\20180509_234904\\execution0.log"/>
         <property name="attachments" value=""/>
         <property name="hostName" value="42916 - DESKTOP-RG5AR5M"/>
         <property name="os" value="Windows 10 64bit"/>
         <property name="katalonVersion" value="5.3.1.1"/>
         <property name="browser" value="Chrome 66.0.3359.139"/>
         <property name="hostAddress" value="192.168.43.29"/>
         <property name="sessionId" value="c7bec884b0ea4e3918bf2bedc4fefdfe"/>
         <property name="seleniumVersion" value="3.7.1"/>
         <property name="proxyInformation" value="ProxyInformation{proxyOption=NO_PROXY, proxyServerType=HTTP, password=, proxyServerAddress=, proxyServerPort=0}"/>
         <property name="platform" value="Windows 10"/>
      </properties>
      <testcase name="Test Cases/case10" classname="Test Cases/case10" status="PASSED">
         <system-out><![CDATA[2018-05-09 23:49:05 - [TEST_CASE][PASSED] - Test Cases/case10: Test Cases/case10

2018-05-09 23:49:06 - [TEST_STEP][PASSED] - openBrowser: Browser is opened with url: ''

2018-05-09 23:49:08 - [MESSAGE][PASSED] - Browser is opened with url: ''

2018-05-09 23:49:08 - [TEST_STEP][PASSED] - navigateToUrl: Navigate to 'http://34.215.218.253:9998/' successfully

2018-05-09 23:49:18 - [MESSAGE][PASSED] - Navigate to 'http://34.215.218.253:9998/' successfully

2018-05-09 23:49:18 - [TEST_STEP][PASSED] - setText: Text 'user' is set on object 'Object Repository/case10_Page_ProjectBackend/input_username'

2018-05-09 23:49:18 - [MESSAGE][PASSED] - Text 'user' is set on object 'Object Repository/case10_Page_ProjectBackend/input_username'

2018-05-09 23:49:18 - [TEST_STEP][PASSED] - setText: Text 'user' is set on object 'Object Repository/case10_Page_ProjectBackend/input_password'

2018-05-09 23:49:18 - [MESSAGE][PASSED] - Text 'user' is set on object 'Object Repository/case10_Page_ProjectBackend/input_password'

2018-05-09 23:49:18 - [TEST_STEP][PASSED] - click: Object: 'Object Repository/case10_Page_ProjectBackend/button_Login' is clicked on

2018-05-09 23:49:18 - [MESSAGE][PASSED] - Object: 'Object Repository/case10_Page_ProjectBackend/button_Login' is clicked on

2018-05-09 23:49:18 - [TEST_STEP][PASSED] - click: Object: 'Object Repository/case10_Page_ProjectBackend/button_add to cart' is clicked on

2018-05-09 23:49:20 - [MESSAGE][PASSED] - Object: 'Object Repository/case10_Page_ProjectBackend/button_add to cart' is clicked on

2018-05-09 23:49:20 - [TEST_STEP][PASSED] - click: Object: 'Object Repository/case10_Page_ProjectBackend/a_Carts            1' is clicked on

2018-05-09 23:49:20 - [MESSAGE][PASSED] - Object: 'Object Repository/case10_Page_ProjectBackend/a_Carts            1' is clicked on

2018-05-09 23:49:20 - [TEST_STEP][PASSED] - click: Object: 'Object Repository/case10_Page_ProjectBackend/button_confirm' is clicked on

2018-05-09 23:49:20 - [MESSAGE][PASSED] - Object: 'Object Repository/case10_Page_ProjectBackend/button_confirm' is clicked on

2018-05-09 23:49:20 - [TEST_STEP][PASSED] - acceptAlert: Alert accepted

2018-05-09 23:49:20 - [MESSAGE][PASSED] - Alert accepted

2018-05-09 23:49:20 - [TEST_STEP][PASSED] - verifyElementText: Actual text and expected text of test object 'Object Repository/case10_Page_ProjectBackend/div_Well done You successfully' are matched.

2018-05-09 23:49:20 - [MESSAGE][PASSED] - Actual text and expected text of test object 'Object Repository/case10_Page_ProjectBackend/div_Well done You successfully' are matched.

2018-05-09 23:49:20 - [TEST_STEP][PASSED] - closeBrowser: Browser is closed

2018-05-09 23:49:21 - [MESSAGE][PASSED] - Browser is closed]]></system-out>
         <system-err><![CDATA[]]></system-err>
      </testcase>
      <testcase name="Test Cases/case10" classname="Test Cases/case10" status="PASSED">
         <system-out><![CDATA[2018-05-09 23:49:21 - [TEST_CASE][PASSED] - Test Cases/case10: Test Cases/case10

2018-05-09 23:49:21 - [TEST_STEP][PASSED] - openBrowser: Browser is opened with url: ''

2018-05-09 23:49:23 - [MESSAGE][PASSED] - Browser is opened with url: ''

2018-05-09 23:49:23 - [TEST_STEP][PASSED] - navigateToUrl: Navigate to 'http://34.215.218.253:9998/' successfully

2018-05-09 23:49:32 - [MESSAGE][PASSED] - Navigate to 'http://34.215.218.253:9998/' successfully

2018-05-09 23:49:32 - [TEST_STEP][PASSED] - setText: Text 'user' is set on object 'Object Repository/case10_Page_ProjectBackend/input_username'

2018-05-09 23:49:32 - [MESSAGE][PASSED] - Text 'user' is set on object 'Object Repository/case10_Page_ProjectBackend/input_username'

2018-05-09 23:49:32 - [TEST_STEP][PASSED] - setText: Text 'user' is set on object 'Object Repository/case10_Page_ProjectBackend/input_password'

2018-05-09 23:49:32 - [MESSAGE][PASSED] - Text 'user' is set on object 'Object Repository/case10_Page_ProjectBackend/input_password'

2018-05-09 23:49:32 - [TEST_STEP][PASSED] - click: Object: 'Object Repository/case10_Page_ProjectBackend/button_Login' is clicked on

2018-05-09 23:49:32 - [MESSAGE][PASSED] - Object: 'Object Repository/case10_Page_ProjectBackend/button_Login' is clicked on

2018-05-09 23:49:32 - [TEST_STEP][PASSED] - click: Object: 'Object Repository/case10_Page_ProjectBackend/button_add to cart' is clicked on

2018-05-09 23:49:34 - [MESSAGE][PASSED] - Object: 'Object Repository/case10_Page_ProjectBackend/button_add to cart' is clicked on

2018-05-09 23:49:34 - [TEST_STEP][PASSED] - click: Object: 'Object Repository/case10_Page_ProjectBackend/a_Carts            1' is clicked on

2018-05-09 23:49:34 - [MESSAGE][PASSED] - Object: 'Object Repository/case10_Page_ProjectBackend/a_Carts            1' is clicked on

2018-05-09 23:49:34 - [TEST_STEP][PASSED] - click: Object: 'Object Repository/case10_Page_ProjectBackend/button_confirm' is clicked on

2018-05-09 23:49:34 - [MESSAGE][PASSED] - Object: 'Object Repository/case10_Page_ProjectBackend/button_confirm' is clicked on

2018-05-09 23:49:34 - [TEST_STEP][PASSED] - acceptAlert: Alert accepted

2018-05-09 23:49:34 - [MESSAGE][PASSED] - Alert accepted

2018-05-09 23:49:34 - [TEST_STEP][PASSED] - verifyElementText: Actual text and expected text of test object 'Object Repository/case10_Page_ProjectBackend/div_Well done You successfully' are matched.

2018-05-09 23:49:35 - [MESSAGE][PASSED] - Actual text and expected text of test object 'Object Repository/case10_Page_ProjectBackend/div_Well done You successfully' are matched.

2018-05-09 23:49:35 - [TEST_STEP][PASSED] - closeBrowser: Browser is closed

2018-05-09 23:49:35 - [MESSAGE][PASSED] - Browser is closed]]></system-out>
         <system-err><![CDATA[]]></system-err>
      </testcase>
      <system-out><![CDATA[2018-05-09 23:49:05 - [TEST_SUITE][PASSED] - test suite10: Test Cases/case10]]></system-out>
      <system-err><![CDATA[]]></system-err>
   </testsuite>
</testsuites>
