<?xml version="1.0" encoding="UTF-8"?>
<testsuites name="test suite8" time="28" tests="2" failures="0" errors="0">
   <testsuite name="test suite8" tests="2" failures="0" errors="0" time="28" timestamp="2018-05-09 23:02:23" hostname="42916 - DESKTOP-RG5AR5M" id="Test Suites/test suite8">
      <properties>
         <property name="deviceName" value=""/>
         <property name="devicePlatform" value=""/>
         <property name="logFolder" value="C:\\Users\\42916\\Desktop\\Advance Software Development\\project\\234project-backend\\katalon\\Reports\\test suite8\\20180509_230222"/>
         <property name="logFiles" value="C:\\Users\\42916\\Desktop\\Advance Software Development\\project\\234project-backend\\katalon\\Reports\\test suite8\\20180509_230222\\execution0.log"/>
         <property name="attachments" value=""/>
         <property name="hostName" value="42916 - DESKTOP-RG5AR5M"/>
         <property name="os" value="Windows 10 64bit"/>
         <property name="katalonVersion" value="5.3.1.1"/>
         <property name="browser" value="Chrome 66.0.3359.139"/>
         <property name="hostAddress" value="192.168.43.29"/>
         <property name="sessionId" value="9de196f66f3c88c9b9e3a93ac6286353"/>
         <property name="seleniumVersion" value="3.7.1"/>
         <property name="proxyInformation" value="ProxyInformation{proxyOption=NO_PROXY, proxyServerType=HTTP, password=, proxyServerAddress=, proxyServerPort=0}"/>
         <property name="platform" value="Windows 10"/>
      </properties>
      <testcase name="Test Cases/case8" classname="Test Cases/case8" status="PASSED">
         <system-out><![CDATA[2018-05-09 23:02:24 - [TEST_CASE][PASSED] - Test Cases/case8: Test Cases/case8

2018-05-09 23:02:24 - [TEST_STEP][PASSED] - openBrowser: Browser is opened with url: ''

2018-05-09 23:02:27 - [MESSAGE][PASSED] - Browser is opened with url: ''

2018-05-09 23:02:27 - [TEST_STEP][PASSED] - navigateToUrl: Navigate to 'http://34.215.218.253:9998/' successfully

2018-05-09 23:02:36 - [MESSAGE][PASSED] - Navigate to 'http://34.215.218.253:9998/' successfully

2018-05-09 23:02:36 - [TEST_STEP][PASSED] - setText: Text 'user' is set on object 'Object Repository/case8_Page_ProjectBackend/input_username'

2018-05-09 23:02:36 - [MESSAGE][PASSED] - Text 'user' is set on object 'Object Repository/case8_Page_ProjectBackend/input_username'

2018-05-09 23:02:36 - [TEST_STEP][PASSED] - setText: Text 'user' is set on object 'Object Repository/case8_Page_ProjectBackend/input_password'

2018-05-09 23:02:36 - [MESSAGE][PASSED] - Text 'user' is set on object 'Object Repository/case8_Page_ProjectBackend/input_password'

2018-05-09 23:02:36 - [TEST_STEP][PASSED] - click: Object: 'Object Repository/case8_Page_ProjectBackend/button_Login' is clicked on

2018-05-09 23:02:36 - [MESSAGE][PASSED] - Object: 'Object Repository/case8_Page_ProjectBackend/button_Login' is clicked on

2018-05-09 23:02:36 - [TEST_STEP][PASSED] - click: Object: 'Object Repository/case8_Page_ProjectBackend/button_add to cart' is clicked on

2018-05-09 23:02:38 - [MESSAGE][PASSED] - Object: 'Object Repository/case8_Page_ProjectBackend/button_add to cart' is clicked on

2018-05-09 23:02:38 - [TEST_STEP][PASSED] - verifyElementText: Actual text and expected text of test object 'Object Repository/case8_Page_ProjectBackend/div_already added' are matched.

2018-05-09 23:02:38 - [MESSAGE][PASSED] - Actual text and expected text of test object 'Object Repository/case8_Page_ProjectBackend/div_already added' are matched.

2018-05-09 23:02:38 - [TEST_STEP][PASSED] - verifyElementClickable: Object 'Object Repository/case8_Page_ProjectBackend/span_1' is clickable

2018-05-09 23:02:38 - [MESSAGE][PASSED] - Object 'Object Repository/case8_Page_ProjectBackend/span_1' is clickable

2018-05-09 23:02:38 - [TEST_STEP][PASSED] - closeBrowser: Browser is closed

2018-05-09 23:02:39 - [MESSAGE][PASSED] - Browser is closed]]></system-out>
         <system-err><![CDATA[]]></system-err>
      </testcase>
      <testcase name="Test Cases/case8" classname="Test Cases/case8" status="PASSED">
         <system-out><![CDATA[2018-05-09 23:02:39 - [TEST_CASE][PASSED] - Test Cases/case8: Test Cases/case8

2018-05-09 23:02:39 - [TEST_STEP][PASSED] - openBrowser: Browser is opened with url: ''

2018-05-09 23:02:41 - [MESSAGE][PASSED] - Browser is opened with url: ''

2018-05-09 23:02:41 - [TEST_STEP][PASSED] - navigateToUrl: Navigate to 'http://34.215.218.253:9998/' successfully

2018-05-09 23:02:49 - [MESSAGE][PASSED] - Navigate to 'http://34.215.218.253:9998/' successfully

2018-05-09 23:02:49 - [TEST_STEP][PASSED] - setText: Text 'hello' is set on object 'Object Repository/case8_Page_ProjectBackend/input_username'

2018-05-09 23:02:49 - [MESSAGE][PASSED] - Text 'hello' is set on object 'Object Repository/case8_Page_ProjectBackend/input_username'

2018-05-09 23:02:49 - [TEST_STEP][PASSED] - setText: Text 'hello' is set on object 'Object Repository/case8_Page_ProjectBackend/input_password'

2018-05-09 23:02:49 - [MESSAGE][PASSED] - Text 'hello' is set on object 'Object Repository/case8_Page_ProjectBackend/input_password'

2018-05-09 23:02:49 - [TEST_STEP][PASSED] - click: Object: 'Object Repository/case8_Page_ProjectBackend/button_Login' is clicked on

2018-05-09 23:02:49 - [MESSAGE][PASSED] - Object: 'Object Repository/case8_Page_ProjectBackend/button_Login' is clicked on

2018-05-09 23:02:49 - [TEST_STEP][PASSED] - click: Object: 'Object Repository/case8_Page_ProjectBackend/button_add to cart' is clicked on

2018-05-09 23:02:51 - [MESSAGE][PASSED] - Object: 'Object Repository/case8_Page_ProjectBackend/button_add to cart' is clicked on

2018-05-09 23:02:51 - [TEST_STEP][PASSED] - verifyElementText: Actual text and expected text of test object 'Object Repository/case8_Page_ProjectBackend/div_already added' are matched.

2018-05-09 23:02:51 - [MESSAGE][PASSED] - Actual text and expected text of test object 'Object Repository/case8_Page_ProjectBackend/div_already added' are matched.

2018-05-09 23:02:51 - [TEST_STEP][PASSED] - verifyElementClickable: Object 'Object Repository/case8_Page_ProjectBackend/span_1' is clickable

2018-05-09 23:02:51 - [MESSAGE][PASSED] - Object 'Object Repository/case8_Page_ProjectBackend/span_1' is clickable

2018-05-09 23:02:51 - [TEST_STEP][PASSED] - closeBrowser: Browser is closed

2018-05-09 23:02:51 - [MESSAGE][PASSED] - Browser is closed]]></system-out>
         <system-err><![CDATA[]]></system-err>
      </testcase>
      <system-out><![CDATA[2018-05-09 23:02:23 - [TEST_SUITE][PASSED] - test suite8: Test Cases/case8]]></system-out>
      <system-err><![CDATA[]]></system-err>
   </testsuite>
</testsuites>
